07:14:24.826 FINE | Run command: java -Xmx1024m -classpath /home/oraziorillo/Documents/projects/github/logist_simulation_workspace/logist/logist.jar logist.LogistPlatform -o tournament/tournament_main_vs_conservative/auction-auction_main_38-auction_conservative.xml -a tournament/tournament_main_vs_conservative/agents.xml config/auction.xml auction_main_38 auction_conservative
07:14:25.012 CONFIG | Reading config/auction.xml
07:14:25.203 CONFIG | Reading config/settings_auction.xml
07:14:25.244 CONFIG | Reading config/topology/england.xml
07:14:25.267 CONFIG | Reading tournament/tournament_main_vs_conservative/agents.xml
07:14:25.304 CONFIG | Reading config/settings_auction.xml
07:14:25.329 CONFIG | Reading config/settings_auction.xml
07:14:25.392 CONFIG | Opponent bid lower bound estimate: 0.0
07:14:25.563 CONFIG | Future diss: 0.2746641467443699
07:14:25.563 CONFIG | Task: (Task 0, 3 kg, 69479 CHF, Cardiff -> Sheffield)
07:14:25.564 CONFIG | Marginal cost: 2191.0
07:14:25.564 CONFIG | Relative marginal cost: 1.0
07:14:25.565 CONFIG | Tentative bid: 1095.5
07:14:25.565 CONFIG | Bid: 1347
07:14:25.751 CONFIG | Opponent bids: 2766
07:14:25.752 CONFIG | WON AUCTION
07:14:25.752 CONFIG | 
07:14:25.758 CONFIG | Opponent bid lower bound estimate: 2766.0
07:14:26.253 CONFIG | Future diss: 0.1491137162396225
07:14:26.254 CONFIG | Task: (Task 1, 3 kg, 47516 CHF, Manchester -> Norwich)
07:14:26.254 CONFIG | Marginal cost: 2382.0
07:14:26.254 CONFIG | Relative marginal cost: 0.5208834463153291
07:14:26.254 CONFIG | Tentative bid: 3519.1374314687932
07:14:26.255 CONFIG | Bid: 2621
07:14:26.509 CONFIG | Opponent bids: 3279
07:14:26.510 CONFIG | WON AUCTION
07:14:26.511 CONFIG | 
07:14:26.511 CONFIG | Opponent bid lower bound estimate: 2379.900222162603
07:14:27.009 CONFIG | Future diss: 0.1491137162396225
07:14:27.009 CONFIG | Task: (Task 2, 3 kg, 68638 CHF, Cardiff -> Manchester)
07:14:27.010 CONFIG | Marginal cost: 0.0
07:14:27.010 CONFIG | Relative marginal cost: 0.0
07:14:27.010 CONFIG | Tentative bid: 0.0
07:14:27.010 CONFIG | Bid: 173
07:14:27.407 CONFIG | Opponent bids: 2790
07:14:27.408 CONFIG | WON AUCTION
07:14:27.408 CONFIG | 
07:14:27.408 CONFIG | Opponent bid lower bound estimate: 2408.133854904992
07:14:27.772 CONFIG | Future diss: 0.0872902022166349
07:14:27.773 CONFIG | Task: (Task 3, 3 kg, 55553 CHF, Sheffield -> Portsmouth)
07:14:27.773 CONFIG | Marginal cost: 748.0
07:14:27.773 CONFIG | Relative marginal cost: 0.14057507987220447
07:14:27.773 CONFIG | Tentative bid: 948.6901561998518
07:14:27.773 CONFIG | Bid: 1087
07:14:28.199 CONFIG | Opponent bids: 3031
07:14:28.199 CONFIG | WON AUCTION
07:14:28.200 CONFIG | 
07:14:28.200 CONFIG | Opponent bid lower bound estimate: 2527.8520053060033
07:14:28.587 CONFIG | Future diss: 0.08119149148015821
07:14:28.587 CONFIG | Task: (Task 4, 3 kg, 41305 CHF, Liverpool -> Norwich)
07:14:28.588 CONFIG | Marginal cost: 0.0
07:14:28.588 CONFIG | Relative marginal cost: 0.0
07:14:28.588 CONFIG | Tentative bid: 0.0
07:14:28.588 CONFIG | Bid: 1223
07:14:28.917 CONFIG | Opponent bids: 3626
07:14:28.917 CONFIG | WON AUCTION
07:14:28.917 CONFIG | 
07:14:28.918 CONFIG | Opponent bid lower bound estimate: 2464.871375691974
07:14:29.862 CONFIG | Future diss: 0.07024383111947681
07:14:29.862 CONFIG | Task: (Task 5, 3 kg, 85625 CHF, Norwich -> London)
07:14:29.862 CONFIG | Marginal cost: 201.0
07:14:29.862 CONFIG | Relative marginal cost: 0.03639985512495473
07:14:29.862 CONFIG | Tentative bid: 244.66830425898118
07:14:29.863 CONFIG | Bid: 1609
07:14:30.406 CONFIG | Opponent bids: 575
07:14:30.406 CONFIG | LOST AUCTION
07:14:30.407 CONFIG | 
07:14:30.407 CONFIG | Opponent bid lower bound estimate: 1430.2566539609334
07:14:30.982 CONFIG | Future diss: 0.07024383111947681
07:14:30.982 CONFIG | Task: (Task 6, 3 kg, 64503 CHF, Cardiff -> London)
07:14:30.982 CONFIG | Marginal cost: 0.0
07:14:30.983 CONFIG | Relative marginal cost: 0.0
07:14:30.983 CONFIG | Tentative bid: 0.0
07:14:30.983 CONFIG | Bid: 173
07:14:31.865 CONFIG | Opponent bids: 2401
07:14:31.866 CONFIG | WON AUCTION
07:14:31.866 CONFIG | 
07:14:31.866 CONFIG | Opponent bid lower bound estimate: 1363.741618362179
07:14:32.861 CONFIG | Future diss: 0.07024383111947681
07:14:32.861 CONFIG | Task: (Task 7, 3 kg, 68101 CHF, London -> Manchester)
07:14:32.861 CONFIG | Marginal cost: 0.0
07:14:32.862 CONFIG | Relative marginal cost: 0.0
07:14:32.862 CONFIG | Tentative bid: 0.0
07:14:32.862 CONFIG | Bid: 800
07:14:33.619 CONFIG | Opponent bids: 1307
07:14:33.619 CONFIG | WON AUCTION
07:14:33.619 CONFIG | 
07:14:33.619 CONFIG | Opponent bid lower bound estimate: 1532.15389709455
07:14:34.684 CONFIG | Future diss: 0.02967462994925277
07:14:34.684 CONFIG | Task: (Task 8, 3 kg, 41269 CHF, Plymouth -> Birmingham)
07:14:34.684 CONFIG | Marginal cost: 2448.0
07:14:34.684 CONFIG | Relative marginal cost: 0.3150984682713348
07:14:34.684 CONFIG | Tentative bid: 3328.364119607862
07:14:34.684 CONFIG | Bid: 1109
07:14:35.681 CONFIG | Opponent bids: 2031
07:14:35.681 CONFIG | WON AUCTION
07:14:35.681 CONFIG | 
07:14:35.683 CONFIG | Opponent bid lower bound estimate: 1513.4000691045476
07:14:38.006 CONFIG | Future diss: 0.02967462994925277
07:14:38.006 CONFIG | Task: (Task 9, 3 kg, 75780 CHF, Portsmouth -> Plymouth)
07:14:38.006 CONFIG | Marginal cost: 0.0
07:14:38.006 CONFIG | Relative marginal cost: 0.0
07:14:38.006 CONFIG | Tentative bid: 0.0
07:14:38.006 CONFIG | Bid: 1105
07:14:39.425 CONFIG | Opponent bids: 1226
07:14:39.426 CONFIG | WON AUCTION
07:14:39.426 CONFIG | 
07:14:39.426 CONFIG | Opponent bid lower bound estimate: 1383.09585991994
07:14:41.451 CONFIG | Future diss: 0.02967462994925277
07:14:41.451 CONFIG | Task: (Task 10, 3 kg, 85625 CHF, Birmingham -> Cardiff)
07:14:41.451 CONFIG | Marginal cost: 1725.0
07:14:41.451 CONFIG | Relative marginal cost: 0.18169370128502213
07:14:41.451 CONFIG | Tentative bid: 2223.782103252068
07:14:41.451 CONFIG | Bid: 1350
07:14:43.082 CONFIG | Opponent bids: 1382
07:14:43.082 CONFIG | WON AUCTION
07:14:43.268 CONFIG | 
07:14:43.268 CONFIG | Opponent bid lower bound estimate: 1116.092132180707
07:14:45.762 CONFIG | Future diss: 0.02967462994925277
07:14:45.762 CONFIG | Task: (Task 11, 3 kg, 55553 CHF, Portsmouth -> Sheffield)
07:14:45.762 CONFIG | Marginal cost: 0.0
07:14:45.763 CONFIG | Relative marginal cost: 0.0
07:14:45.763 CONFIG | Tentative bid: 0.0
07:14:45.763 CONFIG | Bid: 338
07:14:48.162 CONFIG | Opponent bids: 2783
07:14:48.320 CONFIG | WON AUCTION
07:14:48.320 CONFIG | 
07:14:48.320 CONFIG | Opponent bid lower bound estimate: 1617.6542327550449
07:14:51.320 CONFIG | Future diss: 0.02967462994925277
07:14:51.323 CONFIG | Task: (Task 12, 3 kg, 68638 CHF, Cardiff -> Manchester)
07:14:51.323 CONFIG | Marginal cost: 819.5
07:14:51.323 CONFIG | Relative marginal cost: 0.07945896155524312
07:14:51.323 CONFIG | Tentative bid: 1014.5837164895435
07:14:51.323 CONFIG | Bid: 1172
07:14:53.980 CONFIG | Opponent bids: 2338
07:14:53.980 CONFIG | WON AUCTION
07:14:54.181 CONFIG | 
07:14:54.181 CONFIG | Opponent bid lower bound estimate: 1928.4312320528002
07:14:57.608 CONFIG | Future diss: 0.006000473758291286
07:14:57.608 CONFIG | Task: (Task 13, 3 kg, 69390 CHF, Newcastle -> Manchester)
07:14:57.608 CONFIG | Marginal cost: -201.0
07:14:57.608 CONFIG | Relative marginal cost: -0.019876390605686033
07:14:57.608 CONFIG | Tentative bid: -239.33100651857276
07:14:57.608 CONFIG | Bid: 173
07:15:03.213 CONFIG | Opponent bids: 3623
07:15:03.213 CONFIG | WON AUCTION
07:15:03.213 CONFIG | 
07:15:03.214 CONFIG | Opponent bid lower bound estimate: 1405.4018388006893
07:15:08.869 CONFIG | Future diss: 0.006000473758291286
07:15:08.869 CONFIG | Task: (Task 14, 3 kg, 48501 CHF, Portsmouth -> Liverpool)
07:15:08.869 CONFIG | Marginal cost: 0.0
07:15:08.869 CONFIG | Relative marginal cost: 0.0
07:15:08.870 CONFIG | Tentative bid: 0.0
07:15:08.870 CONFIG | Bid: 255
07:15:14.323 CONFIG | Opponent bids: 2293
07:15:14.324 CONFIG | WON AUCTION
07:15:14.324 CONFIG | 
07:15:14.324 CONFIG | Opponent bid lower bound estimate: 1753.5931618132386
07:15:20.096 CONFIG | Future diss: 0.006000473758291286
07:15:20.096 CONFIG | Task: (Task 15, 3 kg, 85840 CHF, Sheffield -> Liverpool)
07:15:20.293 CONFIG | Marginal cost: 0.0
07:15:20.293 CONFIG | Relative marginal cost: 0.0
07:15:20.293 CONFIG | Tentative bid: 0.0
07:15:20.293 CONFIG | Bid: 1674
07:15:28.053 CONFIG | Opponent bids: 1707
07:15:28.054 CONFIG | WON AUCTION
07:15:28.054 CONFIG | 
07:15:28.054 CONFIG | Opponent bid lower bound estimate: 940.0659992794789
07:15:35.893 CONFIG | Future diss: 0.006000473758291286
07:15:35.894 CONFIG | Task: (Task 16, 3 kg, 85088 CHF, London -> Birmingham)
07:15:35.894 CONFIG | Marginal cost: 1147.5
07:15:35.894 CONFIG | Relative marginal cost: 0.10190941385435169
07:15:35.894 CONFIG | Tentative bid: 1433.3002855256007
07:15:35.894 CONFIG | Bid: 173
07:15:45.400 CONFIG | Opponent bids: 591
07:15:45.400 CONFIG | WON AUCTION
07:15:45.400 CONFIG | 
07:15:45.400 CONFIG | Opponent bid lower bound estimate: 704.6025697191526
07:15:54.669 CONFIG | Future diss: 0.006000473758291286
07:15:54.672 CONFIG | Task: (Task 17, 3 kg, 72236 CHF, Portsmouth -> Norwich)
07:15:54.672 CONFIG | Marginal cost: -899.5
07:15:54.672 CONFIG | Relative marginal cost: -0.0868201341634091
07:15:54.672 CONFIG | Tentative bid: -1043.434003274962
07:15:54.672 CONFIG | Bid: 173
07:16:06.779 CONFIG | Opponent bids: 1854
07:16:06.780 CONFIG | WON AUCTION
07:16:06.780 CONFIG | 
07:16:06.781 CONFIG | Opponent bid lower bound estimate: 1141.5926412456301
07:16:17.018 CONFIG | Future diss: 0.006000473758291286
07:16:17.018 CONFIG | Task: (Task 18, 3 kg, 41806 CHF, Plymouth -> Norwich)
07:16:17.018 CONFIG | Marginal cost: 489.5
07:16:17.018 CONFIG | Relative marginal cost: 0.04511520737327189
07:16:17.018 CONFIG | Tentative bid: 597.8903374673583
07:16:17.018 CONFIG | Bid: 923
07:16:27.705 CONFIG | Opponent bids: 2068
07:16:27.705 CONFIG | WON AUCTION
07:16:27.705 CONFIG | 
07:16:27.705 CONFIG | Opponent bid lower bound estimate: 1642.4982020674333
07:16:42.047 CONFIG | Future diss: 0.0
07:16:42.047 CONFIG | Task: (Task 19, 3 kg, 62087 CHF, Cardiff -> Leeds)
07:16:42.047 CONFIG | Marginal cost: 0.0
07:16:42.047 CONFIG | Relative marginal cost: 0.0
07:16:42.047 CONFIG | Tentative bid: 0.0
07:16:42.047 CONFIG | Bid: 1509
07:17:21.321 CONFIG | Opponent bids: 2606
07:17:21.321 CONFIG | WON AUCTION
07:17:21.321 CONFIG | 
07:17:51.786 CONFIG | AGENT ID = 0
07:17:51.787 CONFIG | NUM TASKS WON AT AUCTION = 19
07:17:51.787 CONFIG | COST of the optimal plan = 10850.0
07:17:51.787 CONFIG | TOTAL PROFIT OF THE AGENT = 6528.0
07:17:51.789 CONFIG | 
07:17:51.827 CONFIG | AGENT ID = 1
07:17:51.827 CONFIG | NUM TASKS WON AT AUCTION = 1
07:17:51.827 CONFIG | COST of the optimal plan = 575.0
07:17:51.827 CONFIG | TOTAL PROFIT OF THE AGENT = 0.0
07:17:51.827 CONFIG | 
07:18:25.215 CONFIG | Wrote tournament/tournament_main_vs_conservative/auction-auction_main_38-auction_conservative.xml
07:18:25.245 INFO | LogistPlatform finished successfully!
07:18:25.311 FINE | Run command: java -Xmx1024m -classpath /home/oraziorillo/Documents/projects/github/logist_simulation_workspace/logist/logist.jar logist.LogistPlatform -o tournament/tournament_main_vs_conservative/auction-auction_conservative-auction_main_38.xml -a tournament/tournament_main_vs_conservative/agents.xml config/auction.xml auction_conservative auction_main_38
07:18:25.530 CONFIG | Reading config/auction.xml
07:18:25.809 CONFIG | Reading config/settings_auction.xml
07:18:25.869 CONFIG | Reading config/topology/england.xml
07:18:25.912 CONFIG | Reading tournament/tournament_main_vs_conservative/agents.xml
07:18:25.983 CONFIG | Reading config/settings_auction.xml
07:18:26.009 CONFIG | Reading config/settings_auction.xml
07:18:26.367 CONFIG | Opponent bid lower bound estimate: 0.0
07:18:26.598 CONFIG | Future diss: 0.2746641467443699
07:18:26.598 CONFIG | Task: (Task 0, 3 kg, 69479 CHF, Cardiff -> Sheffield)
07:18:26.598 CONFIG | Marginal cost: 2766.0
07:18:26.599 CONFIG | Relative marginal cost: 1.0
07:18:26.599 CONFIG | Tentative bid: 1383.0
07:18:26.599 CONFIG | Bid: 1809
07:18:26.929 CONFIG | Opponent bids: 2191
07:18:26.929 CONFIG | WON AUCTION
07:18:26.930 CONFIG | 
07:18:26.933 CONFIG | Opponent bid lower bound estimate: 2191.0
07:18:27.254 CONFIG | Future diss: 0.1491137162396225
07:18:27.254 CONFIG | Task: (Task 1, 3 kg, 47516 CHF, Manchester -> Norwich)
07:18:27.254 CONFIG | Marginal cost: 2382.0
07:18:27.254 CONFIG | Relative marginal cost: 0.4627039627039627
07:18:27.257 CONFIG | Tentative bid: 3437.0623573263665
07:18:27.257 CONFIG | Bid: 2721
07:18:27.635 CONFIG | Opponent bids: 2668
07:18:27.635 CONFIG | LOST AUCTION
07:18:27.635 CONFIG | 
07:18:27.636 CONFIG | Opponent bid lower bound estimate: 1998.4778865114527
07:18:28.176 CONFIG | Future diss: 0.23752978603583724
07:18:28.177 CONFIG | Task: (Task 2, 3 kg, 68638 CHF, Cardiff -> Manchester)
07:18:28.179 CONFIG | Marginal cost: 742.5
07:18:28.179 CONFIG | Relative marginal cost: 0.2116289012398461
07:18:28.179 CONFIG | Tentative bid: 968.6516172999752
07:18:28.179 CONFIG | Bid: 1263
07:18:28.692 CONFIG | Opponent bids: 1570
07:18:28.692 CONFIG | WON AUCTION
07:18:28.693 CONFIG | 
07:18:28.693 CONFIG | Opponent bid lower bound estimate: 1596.120954726901
07:18:29.431 CONFIG | Future diss: 0.11507106437365254
07:18:29.432 CONFIG | Task: (Task 3, 3 kg, 55553 CHF, Sheffield -> Portsmouth)
07:18:29.433 CONFIG | Marginal cost: 1438.5
07:18:29.433 CONFIG | Relative marginal cost: 0.29078229229836267
07:18:29.433 CONFIG | Tentative bid: 1936.8658864190816
07:18:29.433 CONFIG | Bid: 1492
07:18:29.773 CONFIG | Opponent bids: 1334
07:18:29.774 CONFIG | LOST AUCTION
07:18:29.774 CONFIG | 
07:18:29.774 CONFIG | Opponent bid lower bound estimate: 841.5775619360771
07:18:30.236 CONFIG | Future diss: 0.14301500550314578
07:18:30.237 CONFIG | Task: (Task 4, 3 kg, 41305 CHF, Liverpool -> Norwich)
07:18:30.425 CONFIG | Marginal cost: 1639.5
07:18:30.425 CONFIG | Relative marginal cost: 0.31847319347319347
07:18:30.425 CONFIG | Tentative bid: 2232.1245665911224
07:18:30.425 CONFIG | Bid: 1804
07:18:30.717 CONFIG | Opponent bids: 947
07:18:30.717 CONFIG | LOST AUCTION
07:18:30.717 CONFIG | 
07:18:30.718 CONFIG | Opponent bid lower bound estimate: 561.8706034180994
07:18:31.285 CONFIG | Future diss: 0.09838839487186543
07:18:31.285 CONFIG | Task: (Task 5, 3 kg, 85625 CHF, Norwich -> London)
07:18:31.285 CONFIG | Marginal cost: 0.0
07:18:31.285 CONFIG | Relative marginal cost: 0.0
07:18:31.286 CONFIG | Tentative bid: 0.0
07:18:31.286 CONFIG | Bid: 403
07:18:31.851 CONFIG | Opponent bids: 248
07:18:31.851 CONFIG | LOST AUCTION
07:18:31.851 CONFIG | 
07:18:31.851 CONFIG | Opponent bid lower bound estimate: 289.7130764341981
07:18:32.332 CONFIG | Future diss: 0.11522084559924702
07:18:32.332 CONFIG | Task: (Task 6, 3 kg, 64503 CHF, Cardiff -> London)
07:18:32.332 CONFIG | Marginal cost: 1064.5
07:18:32.332 CONFIG | Relative marginal cost: 0.23277935709599826
07:18:32.332 CONFIG | Tentative bid: 1400.4737354387312
07:18:32.332 CONFIG | Bid: 1359
07:18:33.000 CONFIG | Opponent bids: 1247
07:18:33.000 CONFIG | LOST AUCTION
07:18:33.000 CONFIG | 
07:18:33.000 CONFIG | Opponent bid lower bound estimate: -88.87321274586569
07:18:33.675 CONFIG | Future diss: 0.11522084559924702
07:18:33.675 CONFIG | Task: (Task 7, 3 kg, 68101 CHF, London -> Manchester)
07:18:33.675 CONFIG | Marginal cost: 0.0
07:18:33.675 CONFIG | Relative marginal cost: 0.0
07:18:33.675 CONFIG | Tentative bid: 0.0
07:18:33.675 CONFIG | Bid: 173
07:18:34.774 CONFIG | Opponent bids: 599
07:18:34.774 CONFIG | WON AUCTION
07:18:34.774 CONFIG | 
07:18:34.774 CONFIG | Opponent bid lower bound estimate: 335.37522521943583
07:18:35.428 CONFIG | Future diss: 0.0626201465747844
07:18:35.428 CONFIG | Task: (Task 8, 3 kg, 41269 CHF, Plymouth -> Birmingham)
07:18:35.625 CONFIG | Marginal cost: 649.0
07:18:35.625 CONFIG | Relative marginal cost: 0.15610342754058928
07:18:35.625 CONFIG | Tentative bid: 828.2069069730281
07:18:35.626 CONFIG | Bid: 685
07:18:36.315 CONFIG | Opponent bids: 3653
07:18:36.316 CONFIG | WON AUCTION
07:18:36.316 CONFIG | 
07:18:36.316 CONFIG | Opponent bid lower bound estimate: -5.786881192874375
07:18:37.172 CONFIG | Future diss: 0.052605791413111065
07:18:37.175 CONFIG | Task: (Task 9, 3 kg, 75780 CHF, Portsmouth -> Plymouth)
07:18:37.175 CONFIG | Marginal cost: 1700.0
07:18:37.175 CONFIG | Relative marginal cost: 0.29022620571916347
07:18:37.175 CONFIG | Tentative bid: 2288.45279865759
07:18:37.175 CONFIG | Bid: 2138
07:18:38.415 CONFIG | Opponent bids: 928
07:18:38.416 CONFIG | LOST AUCTION
07:18:38.416 CONFIG | 
07:18:38.416 CONFIG | Opponent bid lower bound estimate: -248.43378076079944
07:18:39.755 CONFIG | Future diss: 0.0626201465747844
07:18:39.755 CONFIG | Task: (Task 10, 3 kg, 85625 CHF, Birmingham -> Cardiff)
07:18:39.755 CONFIG | Marginal cost: 0.0
07:18:39.755 CONFIG | Relative marginal cost: 0.0
07:18:39.755 CONFIG | Tentative bid: 0.0
07:18:39.755 CONFIG | Bid: 173
07:18:41.980 CONFIG | Opponent bids: 173
07:18:41.980 CONFIG | LOST AUCTION
07:18:41.980 CONFIG | 
07:18:41.981 CONFIG | Opponent bid lower bound estimate: -683.2797197123681
07:18:43.595 CONFIG | Future diss: 0.052605791413111065
07:18:43.595 CONFIG | Task: (Task 11, 3 kg, 55553 CHF, Portsmouth -> Sheffield)
07:18:43.595 CONFIG | Marginal cost: 0.0
07:18:43.595 CONFIG | Relative marginal cost: 0.0
07:18:43.595 CONFIG | Tentative bid: 0.0
07:18:43.595 CONFIG | Bid: 173
07:18:45.348 CONFIG | Opponent bids: 1283
07:18:45.348 CONFIG | WON AUCTION
07:18:45.348 CONFIG | 
07:18:45.349 CONFIG | Opponent bid lower bound estimate: -598.0113871071937
07:18:47.023 CONFIG | Future diss: 0.052605791413111065
07:18:47.024 CONFIG | Task: (Task 12, 3 kg, 68638 CHF, Cardiff -> Manchester)
07:18:47.024 CONFIG | Marginal cost: 0.0
07:18:47.025 CONFIG | Relative marginal cost: 0.0
07:18:47.025 CONFIG | Tentative bid: 0.0
07:18:47.025 CONFIG | Bid: 173
07:18:49.420 CONFIG | Opponent bids: 343
07:18:49.420 CONFIG | WON AUCTION
07:18:49.420 CONFIG | 
07:18:49.420 CONFIG | Opponent bid lower bound estimate: -317.4512174084036
07:18:51.613 CONFIG | Future diss: 0.0289316352221496
07:18:51.613 CONFIG | Task: (Task 13, 3 kg, 69390 CHF, Newcastle -> Manchester)
07:18:51.613 CONFIG | Marginal cost: 985.0
07:18:51.613 CONFIG | Relative marginal cost: 0.191541079241614
07:18:51.613 CONFIG | Tentative bid: 1274.7886164075392
07:18:51.614 CONFIG | Bid: 1235
07:18:54.126 CONFIG | Opponent bids: 432
07:18:54.127 CONFIG | LOST AUCTION
07:18:54.127 CONFIG | 
07:18:54.127 CONFIG | Opponent bid lower bound estimate: -741.1459069572803
07:18:56.165 CONFIG | Future diss: 0.04650708067663436
07:18:56.165 CONFIG | Task: (Task 14, 3 kg, 48501 CHF, Portsmouth -> Liverpool)
07:18:56.165 CONFIG | Marginal cost: 1799.0
07:18:56.165 CONFIG | Relative marginal cost: 0.3020230000839419
07:18:56.165 CONFIG | Tentative bid: 2433.1856712313324
07:18:56.165 CONFIG | Bid: 1845
07:18:58.489 CONFIG | Opponent bids: 2369
07:18:58.489 CONFIG | WON AUCTION
07:18:58.489 CONFIG | 
07:18:58.490 CONFIG | Opponent bid lower bound estimate: -677.5374432470564
07:19:01.550 CONFIG | Future diss: 0.04650708067663436
07:19:01.551 CONFIG | Task: (Task 15, 3 kg, 85840 CHF, Sheffield -> Liverpool)
07:19:01.551 CONFIG | Marginal cost: 0.0
07:19:01.551 CONFIG | Relative marginal cost: 0.0
07:19:01.551 CONFIG | Tentative bid: 0.0
07:19:01.551 CONFIG | Bid: 173
07:19:04.289 CONFIG | Opponent bids: 1691
07:19:04.289 CONFIG | WON AUCTION
07:19:04.289 CONFIG | 
07:19:04.290 CONFIG | Opponent bid lower bound estimate: -595.1939521972348
07:19:07.812 CONFIG | Future diss: 0.04650708067663436
07:19:08.000 CONFIG | Task: (Task 16, 3 kg, 85088 CHF, London -> Birmingham)
07:19:08.000 CONFIG | Marginal cost: -1799.0
07:19:08.000 CONFIG | Relative marginal cost: -0.432711966325917
07:19:08.000 CONFIG | Tentative bid: -1827.7322242759428
07:19:08.000 CONFIG | Bid: 173
07:19:12.311 CONFIG | Opponent bids: 592
07:19:12.311 CONFIG | WON AUCTION
07:19:12.311 CONFIG | 
07:19:12.311 CONFIG | Opponent bid lower bound estimate: -613.8831416969043
07:19:16.063 CONFIG | Future diss: 0.02967462994925277
07:19:16.063 CONFIG | Task: (Task 17, 3 kg, 72236 CHF, Portsmouth -> Norwich)
07:19:16.063 CONFIG | Marginal cost: 1898.0
07:19:16.063 CONFIG | Relative marginal cost: 0.31343406820246056
07:19:16.063 CONFIG | Tentative bid: 2578.848804975161
07:19:16.063 CONFIG | Bid: 2514
07:19:21.525 CONFIG | Opponent bids: 870
07:19:21.525 CONFIG | LOST AUCTION
07:19:21.525 CONFIG | 
07:19:21.525 CONFIG | Opponent bid lower bound estimate: -592.3117379768627
07:19:26.562 CONFIG | Future diss: 0.02967462994925277
07:19:26.562 CONFIG | Task: (Task 18, 3 kg, 41806 CHF, Plymouth -> Norwich)
07:19:26.562 CONFIG | Marginal cost: 3598.0
07:19:26.562 CONFIG | Relative marginal cost: 0.46392882470504804
07:19:26.562 CONFIG | Tentative bid: 5194.2420819968065
07:19:26.562 CONFIG | Bid: 4213
07:19:32.239 CONFIG | Opponent bids: 681
07:19:32.321 CONFIG | LOST AUCTION
07:19:32.321 CONFIG | 
07:19:32.321 CONFIG | Opponent bid lower bound estimate: -493.39581663482545
07:19:37.400 CONFIG | Future diss: 0.0335127396029875
07:19:37.400 CONFIG | Task: (Task 19, 3 kg, 62087 CHF, Cardiff -> Leeds)
07:19:37.586 CONFIG | Marginal cost: 0.0
07:19:37.586 CONFIG | Relative marginal cost: 0.0
07:19:37.586 CONFIG | Tentative bid: 0.0
07:19:37.586 CONFIG | Bid: 173
07:19:57.085 CONFIG | AGENT ID = 0
07:19:57.085 CONFIG | NUM TASKS WON AT AUCTION = 10
07:19:57.085 CONFIG | COST of the optimal plan = 7254.0
07:19:57.085 CONFIG | TOTAL PROFIT OF THE AGENT = 2274.0
07:19:57.085 CONFIG | 
07:19:57.092 CONFIG | Opponent bids: 1084
07:19:57.094 CONFIG | WON AUCTION
07:19:57.094 CONFIG | 
07:20:06.795 CONFIG | AGENT ID = 1
07:20:06.795 CONFIG | NUM TASKS WON AT AUCTION = 10
07:20:06.796 CONFIG | COST of the optimal plan = 4157.5
07:20:06.796 CONFIG | TOTAL PROFIT OF THE AGENT = 2482.5
07:20:06.796 CONFIG | 
07:20:36.685 CONFIG | Wrote tournament/tournament_main_vs_conservative/auction-auction_conservative-auction_main_38.xml
07:20:36.711 INFO | LogistPlatform finished successfully!
